#! /opt/local/bin/vvp
:ivl_version "10.1 (stable)" "(v10_1_1)";
:ivl_delay_selection "TYPICAL";
:vpi_time_precision + 0;
:vpi_module "system";
:vpi_module "vhdl_sys";
:vpi_module "v2005_math";
:vpi_module "va_math";
S_0x7fab9e4042c0 .scope module, "myModule_tb" "myModule_tb" 2 1;
 .timescale 0 0;
v0x7fab9e415fa0_0 .var "clock", 0 0;
v0x7fab9e416050_0 .net "out", 0 0, L_0x7fab9e416100;  1 drivers
S_0x7fab9e406000 .scope module, "notGate" "myModule" 2 18, 2 21 0, S_0x7fab9e4042c0;
 .timescale 0 0;
    .port_info 0 /INPUT 1 "A"
    .port_info 1 /OUTPUT 1 "B"
v0x7fab9e404420_0 .net "A", 0 0, v0x7fab9e415fa0_0;  1 drivers
v0x7fab9e415ef0_0 .net "B", 0 0, L_0x7fab9e416100;  alias, 1 drivers
L_0x7fab9e416100 .reduce/nor v0x7fab9e415fa0_0;
    .scope S_0x7fab9e4042c0;
T_0 ;
    %delay 1, 0;
    %load/vec4 v0x7fab9e415fa0_0;
    %nor/r;
    %store/vec4 v0x7fab9e415fa0_0, 0, 1;
    %jmp T_0;
    .thread T_0;
    .scope S_0x7fab9e4042c0;
T_1 ;
    %pushi/vec4 0, 0, 1;
    %store/vec4 v0x7fab9e415fa0_0, 0, 1;
    %delay 10, 0;
    %vpi_call 2 15 "$finish" {0 0 0};
    %end;
    .thread T_1;
# The file index is used to find the file name in the following table.
:file_names 3;
    "N/A";
    "<interactive>";
    "myModule.v";
